(12165, 1482)
Size A: 6082
Size B: 6083

Train: 
Group Name: 0 / 0.547652373075
Group Name: 1 / 0.452347626925

Test:
      |------------|------------|
      |   Î        |  NÎ        |
|-----|------------|------------|
|  I  | 01397 (tp) | 00418 (fn) |
| NI  | 00314 (fp) | 03954 (tn) |
|-----|------------|------------|


Normalized Accuracy: 
[0.7696969696969697, 0.9264292408622306]
0.84806310528
Accuracy: 
0.879664639158
             precision    recall  f1-score   support

          0       0.90      0.93      0.92      4268
          1       0.82      0.77      0.79      1815

avg / total       0.88      0.88      0.88      6083


2-fold cross validation 
Switching folds...

Train: 
Group Name: 0 / 0.540458401925
Group Name: 1 / 0.459541598075

Test:
      |------------|------------|
      |   Î        |  NÎ        |
|-----|------------|------------|
|  I  | 01385 (tp) | 00393 (fn) |
| NI  | 00127 (fp) | 04177 (tn) |
|-----|------------|------------|


Normalized Accuracy: 
[0.7789651293588301, 0.9704925650557621]
0.874728847207
Accuracy: 
0.914501808616
             precision    recall  f1-score   support

          0       0.91      0.97      0.94      4304
          1       0.92      0.78      0.84      1778

avg / total       0.91      0.91      0.91      6082

