(12165, 1482)
Size A: 6082
Size B: 6083

Train: 
Group Name: 0 / 0.547652373075
Group Name: 1 / 0.452347626925

Test:
      |------------|------------|
      |   Î        |  NÎ        |
|-----|------------|------------|
|  I  | 01421 (tp) | 00394 (fn) |
| NI  | 00332 (fp) | 03936 (tn) |
|-----|------------|------------|


Normalized Accuracy: 
[0.7829201101928375, 0.922211808809747]
0.852565959501
Accuracy: 
0.880650994575
             precision    recall  f1-score   support

          0       0.91      0.92      0.92      4268
          1       0.81      0.78      0.80      1815

avg / total       0.88      0.88      0.88      6083


2-fold cross validation 
Switching folds...

Train: 
Group Name: 0 / 0.540458401925
Group Name: 1 / 0.459541598075

Test:
      |------------|------------|
      |   Î        |  NÎ        |
|-----|------------|------------|
|  I  | 01439 (tp) | 00339 (fn) |
| NI  | 00158 (fp) | 04146 (tn) |
|-----|------------|------------|


Normalized Accuracy: 
[0.8093363329583803, 0.9632899628252788]
0.886313147892
Accuracy: 
0.918283459388
             precision    recall  f1-score   support

          0       0.92      0.96      0.94      4304
          1       0.90      0.81      0.85      1778

avg / total       0.92      0.92      0.92      6082

(12165, 1482)
Size A: 6082
Size B: 6082

Train: 
Group Name: 0 / 0.547652373075
Group Name: 1 / 0.452347626925

Test:
Right: 0.854324235449
Wrong: 0.145675764551

      |------------|------------|
      |   Î        |  NÎ        |
|-----|------------|------------|
|  I  | 01391 (tp) | 00424 (fn) |
| NI  | 00462 (fp) | 03805 (tn) |
|-----|------------|------------|


Normalized Accuracy: 
[0.7663911845730027, 0.8917272088118116]
0.829059196692
             precision    recall  f1-score   support

          0       0.90      0.89      0.90      4267
          1       0.75      0.77      0.76      1815

avg / total       0.86      0.85      0.85      6082


2-fold cross validation 
Switching folds...

Train: 
Group Name: 0 / 0.540400202634
Group Name: 1 / 0.459599797366

Test:
Right: 0.862216376192
Wrong: 0.137783623808

      |------------|------------|
      |   Î        |  NÎ        |
|-----|------------|------------|
|  I  | 01245 (tp) | 00533 (fn) |
| NI  | 00305 (fp) | 03999 (tn) |
|-----|------------|------------|


Normalized Accuracy: 
[0.7002249718785152, 0.929135687732342]
0.814680329805
             precision    recall  f1-score   support

          0       0.88      0.93      0.91      4304
          1       0.80      0.70      0.75      1778

avg / total       0.86      0.86      0.86      6082

(12165, 1482)
Size A: 6082
Size B: 6083

Train: 
Group Name: 0 / 0.547652373075
Group Name: 1 / 0.452347626925

Test:
      |------------|------------|
      |   Î        |  NÎ        |
|-----|------------|------------|
|  I  | 01344 (tp) | 00471 (fn) |
| NI  | 00306 (fp) | 03962 (tn) |
|-----|------------|------------|


Normalized Accuracy: 
[0.740495867768595, 0.9283036551077788]
0.834399761438
Accuracy: 
0.872266973533
             precision    recall  f1-score   support

          0       0.89      0.93      0.91      4268
          1       0.81      0.74      0.78      1815

avg / total       0.87      0.87      0.87      6083


2-fold cross validation 
Switching folds...

Train: 
Group Name: 0 / 0.540458401925
Group Name: 1 / 0.459541598075

Test:
      |------------|------------|
      |   Î        |  NÎ        |
|-----|------------|------------|
|  I  | 01200 (tp) | 00578 (fn) |
| NI  | 00114 (fp) | 04190 (tn) |
|-----|------------|------------|


Normalized Accuracy: 
[0.6749156355455568, 0.9735130111524164]
0.824214323349
Accuracy: 
0.886221637619
             precision    recall  f1-score   support

          0       0.88      0.97      0.92      4304
          1       0.91      0.67      0.78      1778

avg / total       0.89      0.89      0.88      6082

